02:07:11 **** Incremental Build of configuration Debug for project 003Button ****
make all 
make: Nothing to be done for 'all'.
02:07:31 **** Programming project 003Button on chip ****
"C:\\Users\\achliopa\\workspace\\tools\\OpenSTM32_SysWorkbench\\plugins\\fr.ac6.mcu.externaltools.openocd.win32_1.22.0.201902141520\\tools\\openocd\\bin\\openocd.exe" -f stm32.flash.6049952199890424036.cfg -s "C:\\Users\\achliopa\\workspace\\udemy\\embeddedProg\\myWork\\OpenSTM32Projects\\003Button\\SW4STM32\\003Button" -s "C:\\Users\\achliopa\\workspace\\tools\\OpenSTM32_SysWorkbench\\plugins\\fr.ac6.mcu.debug_2.4.0.201902141520\\resources\\openocd\\st_scripts" -c "program Debug/003Button.elf verify reset exit" 
Open On-Chip Debugger 0.10.0-dev-00019-g5352c55 (2019-02-14-15:45)
Licensed under GNU GPL v2
For bug reports, read
	http://openocd.org/doc/doxygen/bugs.html
srst_only separate srst_nogate srst_open_drain connect_assert_srst
Info : The selected transport took over low-level target control. The results might differ compared to plain JTAG/SWD
adapter speed: 8000 kHz
adapter_nsrst_delay: 100
Info : clock speed 8000 kHz
Error: libusb_open() failed with LIBUSB_ERROR_ACCESS
Error: open failed (no matching adapter found)
in procedure 'program' 
in procedure 'init' called at file "embedded:startup.tcl", line 485
in procedure 'ocd_bouncer'
** OpenOCD init failed **
shutdown command invoked

